<?xml version="1.0" encoding="UTF-8"?>
<testng-results skipped="0" failed="0" ignored="0" total="1" passed="1">
  <reporter-output>
  </reporter-output>
  <suite name="Test Suite" duration-ms="51906" started-at="2019-10-21T16:28:02Z" finished-at="2019-10-21T16:28:54Z">
    <groups>
    </groups>
    <test name="Practice Tests" duration-ms="51906" started-at="2019-10-21T16:28:02Z" finished-at="2019-10-21T16:28:54Z">
      <class name="practice.automation.test.App">
        <test-method status="PASS" signature="initialize(java.lang.String, java.lang.String)[pri:0, instance:practice.automation.test.App@631330c]" name="initialize" is-config="true" duration-ms="22476" started-at="2019-10-21T16:28:02Z" finished-at="2019-10-21T16:28:24Z">
          <params>
            <param index="0">
              <value>
                <![CDATA[chrome]]>
              </value>
            </param>
            <param index="1">
              <value>
                <![CDATA[ http://automationpractice.com]]>
              </value>
            </param>
          </params>
          <reporter-output>
          </reporter-output>
        </test-method> <!-- initialize -->
        <test-method status="PASS" signature="assignmentOne()[pri:0, instance:practice.automation.test.App@631330c]" name="assignmentOne" duration-ms="28297" started-at="2019-10-21T16:28:24Z" finished-at="2019-10-21T16:28:52Z">
          <reporter-output>
          </reporter-output>
        </test-method> <!-- assignmentOne -->
        <test-method status="PASS" signature="closeDriver()[pri:0, instance:practice.automation.test.App@631330c]" name="closeDriver" is-config="true" duration-ms="1112" started-at="2019-10-21T16:28:52Z" finished-at="2019-10-21T16:28:54Z">
          <reporter-output>
          </reporter-output>
        </test-method> <!-- closeDriver -->
      </class> <!-- practice.automation.test.App -->
    </test> <!-- Practice Tests -->
  </suite> <!-- Test Suite -->
</testng-results>
